www.viva64.com/en/w:1:1: error: Help: The documentation for all analyzer warnings is available here: https://www.viva64.com/en/w/.
/usr/local/clang-7.0.0/lib/clang/7.0.0/include/stddef.h:62:1: warning: V677 Custom declaration of a standard 'size_t' type. The declaration from system header files should be used instead.
/usr/local/clang-7.0.0/lib/clang/7.0.0/include/stdarg.h:30:1: warning: V677 Custom declaration of a standard 'va_list' type. The declaration from system header files should be used instead.
/usr/local/clang-7.0.0/lib/clang/7.0.0/include/stddef.h:90:1: warning: V677 Custom declaration of a standard 'wchar_t' type. The declaration from system header files should be used instead.
/usr/local/clang-7.0.0/lib/clang/7.0.0/include/stddef.h:51:1: warning: V677 Custom declaration of a standard 'ptrdiff_t' type. The declaration from system header files should be used instead.
./src/nvim/eval/typval_encode.c.h:393:1: warning: V785 Constant expression in switch statement.
./src/nvim/buffer.c:3083:1: warning: V681 The language standard does not define an order in which the 'bt_dontwrite' functions will be called during evaluation of arguments.
/usr/local/clang-7.0.0/lib/clang/7.0.0/include/stddef.h:132:1: warning: V677 Custom declaration of a standard 'wint_t' type. The declaration from system header files should be used instead.
./src/nvim/eval.c:5594:1: error: V1063 The modulo by 1 operation is meaningless. The result will always be zero.
./src/nvim/eval.c:5848:1: error: V576 Incorrect format. Consider checking the fourth actual argument of the 'vim_snprintf' function. The memsize type argument is expected.
./src/nvim/eval.c:5848:1: error: V576 Incorrect format. Consider checking the fifth actual argument of the 'vim_snprintf' function. The memsize type argument is expected.
./src/nvim/eval.c:6179:1: warning: V1051 Consider checking for misprints. It's possible that the 'trans_name' should be checked here.
./src/nvim/eval/typval_encode.c.h:283:1: error: V1063 The modulo by 1 operation is meaningless. The result will always be zero.
./src/nvim/eval/typval_encode.c.h:326:1: error: V1063 The modulo by 1 operation is meaningless. The result will always be zero.
./src/nvim/eval/typval_encode.c.h:326:1: error: V576 Incorrect format. Consider checking the fourth actual argument of the 'vim_snprintf' function. The memsize type argument is expected.
./src/nvim/eval/typval_encode.c.h:330:1: error: V1063 The modulo by 1 operation is meaningless. The result will always be zero.
./src/nvim/eval/typval_encode.c.h:489:1: error: V1063 The modulo by 1 operation is meaningless. The result will always be zero.
./src/nvim/eval/typval_encode.c.h:489:1: error: V576 Incorrect format. Consider checking the fourth actual argument of the 'vim_snprintf' function. The memsize type argument is expected.
./src/nvim/eval/typval_encode.c.h:497:1: error: V1063 The modulo by 1 operation is meaningless. The result will always be zero.
./src/nvim/eval/typval_encode.c.h:487:1: error: V1063 The modulo by 1 operation is meaningless. The result will always be zero.
./src/nvim/eval/typval_encode.c.h:487:1: error: V576 Incorrect format. Consider checking the fourth actual argument of the 'vim_snprintf' function. The memsize type argument is expected.
./src/nvim/eval/funcs.c:1781:1: error: V547 Expression is always true.
./src/nvim/eval/funcs.c:3682:1: error: V1063 The modulo by 1 operation is meaningless. The result will always be zero.
./src/nvim/eval/funcs.c:8069:1: warning: V560 A part of conditional expression is always true.
./src/nvim/eval/typval.c:2660:1: error: V547 Expression is always true.
./src/nvim/eval/userfunc.c:3390:1: warning: V560 A part of conditional expression is always false: abort.
./src/nvim/eval/userfunc.c:3420:1: warning: V560 A part of conditional expression is always false: abort.
./src/nvim/eval/userfunc.c:3428:1: warning: V560 A part of conditional expression is always false: abort.
./src/nvim/ex_cmds.c:3574:1: error: V1051 Consider checking for misprints. It's possible that the 'current_match.start.lnum' should be checked here.
./src/nvim/ex_cmds2.c:3116:1: warning: V507 Pointer to local array 'sourcing_name_buf' is stored outside the scope of this array. Such a pointer will become invalid.
./src/nvim/fileio.c:4599:1: error: V1063 The modulo by 1 operation is meaningless. The result will always be zero.
./src/nvim/fileio.c:7537:1: error: V1063 The modulo by 1 operation is meaningless. The result will always be zero.
./src/nvim/fold.c:2840:1: warning: V560 A part of conditional expression is always true: (gap)->ga_len > 0.
./src/nvim/fold.c:2844:1: warning: V560 A part of conditional expression is always true: (gap)->ga_len > 0.
./src/nvim/fold.c:2863:1: warning: V560 A part of conditional expression is always true: (gap)->ga_len > 0.
./src/nvim/highlight.c:538:1: warning: V1051 Consider checking for misprints. It's possible that the 'cattrs.rgb_fg_color' should be checked here.
./src/nvim/highlight.c:556:1: warning: V1051 Consider checking for misprints. It's possible that the 'cattrs.rgb_fg_color' should be checked here.
./src/nvim/if_cscope.c:1934:1: error: V1063 The modulo by 1 operation is meaningless. The result will always be zero.
./src/nvim/keymap.c:671:1: warning: V1051 Consider checking for misprints. It's possible that the 'key' should be checked here.
./src/nvim/lua/executor.c:1435:1: warning: V560 A part of conditional expression is always true: arg->vval.v_dict->lua_table_ref != (- 2).
./src/nvim/lua/executor.c:1438:1: warning: V560 A part of conditional expression is always true: arg->vval.v_list->lua_table_ref != (- 2).
./src/nvim/marktree.c:167:1: error: V512 A call of the 'memcpy' function will lead to underflow of the buffer 'z->key'.
./src/nvim/marktree.c:472:1: error: V1028 Possible overflow. Consider casting operands of the 'y->n + 1' operator to the 'size_t' type, not the result.
./src/nvim/marktree.c:494:1: error: V1028 Possible overflow. Consider casting operands of the 'y->n + 1' operator to the 'size_t' type, not the result.
./src/nvim/memline.c:1017:1: warning: V1048 The 'buf->b_ml.ml_stack_top' variable was assigned the same value.
./src/nvim/memline.c:1019:1: warning: V1048 The 'buf->b_ml.ml_stack_size' variable was assigned the same value.
./src/nvim/normal.c:3181:1: error: V781 The value of the 'col' index is checked after it was used. Perhaps there is a mistake in program logic.
./src/nvim/ops.c:2745:1: error: V1063 The modulo by 1 operation is meaningless. The result will always be zero.
./src/nvim/ops.c:4985:1: error: V1063 The modulo by 1 operation is meaningless. The result will always be zero.
./src/nvim/ops.c:4987:1: error: V1063 The modulo by 1 operation is meaningless. The result will always be zero.
./src/nvim/ops.c:4989:1: error: V1063 The modulo by 1 operation is meaningless. The result will always be zero.
./src/nvim/ops.c:4991:1: error: V1063 The modulo by 1 operation is meaningless. The result will always be zero.
./src/nvim/option.c:4228:1: error: V1063 The modulo by 1 operation is meaningless. The result will always be zero.
./src/nvim/option.c:4230:1: error: V1063 The modulo by 1 operation is meaningless. The result will always be zero.
./src/nvim/option.c:4232:1: error: V1063 The modulo by 1 operation is meaningless. The result will always be zero.
./src/nvim/option.c:4628:1: error: V1063 The modulo by 1 operation is meaningless. The result will always be zero.
./src/nvim/option.c:4629:1: error: V1063 The modulo by 1 operation is meaningless. The result will always be zero.
./src/nvim/option.c:4630:1: error: V1063 The modulo by 1 operation is meaningless. The result will always be zero.
./src/nvim/option.c:4665:1: error: V1063 The modulo by 1 operation is meaningless. The result will always be zero.
./src/nvim/os/input.c:436:1: warning: V1044 Loop break conditions do not depend on the number of iterations.
./src/nvim/quickfix.c:2754:1: warning: V560 A part of conditional expression is always false: old_qf_curlist != qi->qf_curlist.
./src/nvim/quickfix.c:2755:1: warning: V560 A part of conditional expression is always false: old_changetick != qfl->qf_changedtick.
./src/nvim/quickfix.c:2858:1: warning: V560 A part of conditional expression is always false: old_changetick != qfl->qf_changedtick.
./src/nvim/regexp_nfa.c:6168:1: error: V1051 Consider checking for misprints. It's possible that the 'pim->result' should be checked here.
./src/nvim/screen.c:1713:1: warning: V560 A part of conditional expression is always false: wp->w_wcol == old_wcol.
./src/nvim/screen.c:1715:1: warning: V560 A part of conditional expression is always true: old_topline == wp->w_topline.
./src/nvim/screen.c:2834:1: warning: V1051 Consider checking for misprints. It's possible that the 'vcol_sbr' should be checked here.
./src/nvim/screen.c:2887:1: error: V512 A call of the 'memset' function will lead to underflow of the buffer 'buf_fold'.
./src/nvim/screen.c:3780:1: warning: V560 A part of conditional expression is always true: eol_hl_off == 0.
./src/nvim/screen.c:4531:1: warning: V1051 Consider checking for misprints. It's possible that the 'redraw_next' should be checked here.
./src/nvim/screen.c:5001:1: warning: V512 A call of the 'strcpy' function will lead to overflow of the buffer '(char *)(p + len)'.
./src/nvim/screen.c:6789:1: error: V1063 The modulo by 1 operation is meaningless. The result will always be zero.
./src/nvim/sha256.c:7:1: error: V1042 This file is marked with copyleft license, which requires you to open the derived source code.
./src/nvim/shada.c:4100:1: error: V1063 The modulo by 1 operation is meaningless. The result will always be zero.
./src/nvim/spell.c:449:1: warning: V557 Array underrun is possible. The value of 'mi.mi_fwordlen - 1' index could reach -1.
./src/nvim/spell.c:6040:1: error: V781 The value of the 'i' index is checked after it was used. Perhaps there is a mistake in program logic.
./src/nvim/syntax.c:3363:1: warning: V1051 Consider checking for misprints. It's possible that the 'arg_end' should be checked here.
./src/nvim/syntax.c:3548:1: warning: V1051 Consider checking for misprints. It's possible that the 'arg_end' should be checked here.
./src/nvim/tag.c:1185:1: warning: V560 A part of conditional expression is always true: rettv.vval.v_special == kSpecialVarNull.
./src/nvim/tui/input.c:540:1: warning: V1044 Loop break conditions do not depend on the number of iterations.
./src/nvim/tui/input.c:552:1: warning: V1044 Loop break conditions do not depend on the number of iterations.
./src/nvim/tui/tui.c:1125:1: warning: V751 Parameter 'cols' is not used inside function body.
./src/nvim/tui/tui.c:1840:1: warning: V1051 Consider checking for misprints. It's possible that the 'data->unibi_ext.set_cursor_style' should be checked here.
./src/nvim/tui/tui.c:1867:1: warning: V1051 Consider checking for misprints. It's possible that the 'data->unibi_ext.set_cursor_style' should be checked here.
./src/nvim/tui/tui.c:1885:1: warning: V1051 Consider checking for misprints. It's possible that the 'data->unibi_ext.set_cursor_style' should be checked here.
./test/functional/fixtures/streams-test.c:24:1: warning: V507 Pointer to local array 'args' is stored outside the scope of this array. Such a pointer will become invalid.
./test/unit/fixtures/rbuffer.c:10:1: warning: V1044 Loop break conditions do not depend on the number of iterations.
./test/unit/fixtures/rbuffer.c:18:1: warning: V1044 Loop break conditions do not depend on the number of iterations.
